<?xml version="1.0" encoding="UTF-8"?>
<!-- Generated by org.testng.reporters.JUnitReportReporter -->
<testsuite hostname="bruce" failures="0" tests="2" name="com.amazonV1.TestCases.TC_AddProductTOcartTest_007" time="32.794" errors="0" timestamp="2023-09-07T14:06:01 IST" skipped="0">
  <testcase classname="com.amazonV1.TestCases.TC_AddProductTOcartTest_007" name="sortproduct" time="14.686"/>
  <system-out/>
  <testcase classname="com.amazonV1.TestCases.TC_AddProductTOcartTest_007" name="addingtocart" time="18.108"/>
  <system-out/>
</testsuite> <!-- com.amazonV1.TestCases.TC_AddProductTOcartTest_007 -->
