<?xml version="1.0" encoding="UTF-8"?>
<!-- Generated by org.testng.reporters.JUnitReportReporter -->
<testsuite hostname="bruce" failures="0" tests="1" name="com.amazonV1.TestCases.TC_SearcgBoxTest_004" time="19.448" errors="0" timestamp="2023-09-07T14:06:01 IST" skipped="0">
  <testcase classname="com.amazonV1.TestCases.TC_SearcgBoxTest_004" name="sortproduct" time="19.448"/>
  <system-out/>
</testsuite> <!-- com.amazonV1.TestCases.TC_SearcgBoxTest_004 -->
