<?xml version="1.0" encoding="UTF-8"?>
<!-- Generated by org.testng.reporters.JUnitReportReporter -->
<testsuite hostname="bruce" failures="0" tests="1" name="com.amazonV1.TestCases.TC_SIGNUP_001" time="6.344" errors="0" timestamp="2023-09-01T07:13:59 IST" skipped="0">
  <testcase classname="com.amazonV1.TestCases.TC_SIGNUP_001" name="SignUptest" time="6.344"/>
  <system-out/>
</testsuite> <!-- com.amazonV1.TestCases.TC_SIGNUP_001 -->
