<?xml version="1.0" encoding="UTF-8"?>
<!-- Generated by org.testng.reporters.JUnitReportReporter -->
<testsuite hostname="bruce" failures="0" tests="2" name="com.amazonV1.TestCases.TC_ProductDisplayedVerification_005" time="37.373" errors="0" timestamp="2023-09-07T14:06:01 IST" skipped="0">
  <testcase classname="com.amazonV1.TestCases.TC_ProductDisplayedVerification_005" name="sortproduct" time="32.306"/>
  <system-out/>
  <testcase classname="com.amazonV1.TestCases.TC_ProductDisplayedVerification_005" name="RightProductDisplayed" time="5.067"/>
  <system-out/>
</testsuite> <!-- com.amazonV1.TestCases.TC_ProductDisplayedVerification_005 -->
