<?xml version="1.0" encoding="UTF-8"?>
<!-- Generated by org.testng.reporters.JUnitReportReporter -->
<testsuite hostname="bruce" failures="0" tests="1" name="com.amazonV1.TestCases.TC_SIGNUPDDT_002" time="6.352" errors="0" timestamp="2023-08-31T20:08:21 IST" skipped="0">
  <testcase classname="com.amazonV1.TestCases.TC_SIGNUPDDT_002" name="SignUPDDT" time="6.352"/>
  <system-out/>
</testsuite> <!-- com.amazonV1.TestCases.TC_SIGNUPDDT_002 -->
