<?xml version="1.0" encoding="UTF-8"?>
<!-- Generated by org.testng.reporters.JUnitReportReporter -->
<testsuite hostname="bruce" failures="0" tests="3" name="com.amazonV1.TestCases.TC_FilterandsortingTest_006" time="50.902" errors="0" timestamp="2023-09-07T14:06:01 IST" skipped="0">
  <testcase classname="com.amazonV1.TestCases.TC_FilterandsortingTest_006" name="sortproduct" time="31.179"/>
  <system-out/>
  <testcase classname="com.amazonV1.TestCases.TC_FilterandsortingTest_006" name="applyingFiltersANDsort" time="3.578"/>
  <system-out/>
  <testcase classname="com.amazonV1.TestCases.TC_FilterandsortingTest_006" name="filteringProduct" time="16.145"/>
  <system-out/>
</testsuite> <!-- com.amazonV1.TestCases.TC_FilterandsortingTest_006 -->
