<?xml version="1.0" encoding="UTF-8"?>
<!-- Generated by org.testng.reporters.JUnitReportReporter -->
<testsuite hostname="bruce" failures="0" tests="1" name="com.amazonV1.TestCases.TC_LoginTest_002" time="8.362" errors="0" timestamp="2023-09-01T15:08:41 IST" skipped="0">
  <testcase classname="com.amazonV1.TestCases.TC_LoginTest_002" name="SignUptest" time="8.362"/>
  <system-out/>
</testsuite> <!-- com.amazonV1.TestCases.TC_LoginTest_002 -->
